<?xml version="1.0" encoding="utf-8"?><testsuites><testsuite name="pytest" errors="118" failures="0" skipped="192" tests="310" time="17.862" timestamp="2025-01-22T09:42:55.086705-07:00" hostname="nathan-MacBook-Pro"><testcase classname="" name="tests.datasource.fluent.data_asset.data_connector.test_azure_blob_storage_data_connector" time="0.000"><skipped message="collection skipped">('/Users/nathanfarmer/great_expectations/tests/datasource/fluent/data_asset/data_connector/test_azure_blob_storage_data_connector.py', 27, 'Skipped: Could not import "azure.storage.blob" from Microsoft Azure cloud')</skipped></testcase><testcase classname="" name="tests.datasource.fluent.data_asset.data_connector.test_google_cloud_storage_data_connector" time="0.000"><skipped message="collection skipped">('/Users/nathanfarmer/great_expectations/tests/datasource/fluent/data_asset/data_connector/test_google_cloud_storage_data_connector.py', 27, 'Skipped: Could not import "storage" from google.cloud in configured_asset_gcs_data_connector.py')</skipped></testcase><testcase classname="" name="tests.datasource.fluent.test_pandas_azure_blob_storage_datasource" time="0.000"><skipped message="collection skipped">('/Users/nathanfarmer/great_expectations/tests/datasource/fluent/test_pandas_azure_blob_storage_datasource.py', 28, 'Skipped: Could not import "azure.storage.blob" from Microsoft Azure cloud')</skipped></testcase><testcase classname="" name="tests.datasource.fluent.test_pandas_google_cloud_storage_datasource" time="0.000"><skipped message="collection skipped">('/Users/nathanfarmer/great_expectations/tests/datasource/fluent/test_pandas_google_cloud_storage_datasource.py', 22, 'Skipped: Could not import "storage" from google.cloud in configured_asset_gcs_data_connector.py')</skipped></testcase><testcase classname="" name="tests.datasource.fluent.test_spark_azure_blob_storage_datasource" time="0.000"><skipped message="collection skipped">('/Users/nathanfarmer/great_expectations/tests/datasource/fluent/test_spark_azure_blob_storage_datasource.py', 24, 'Skipped: Could not import "azure.storage.blob" from Microsoft Azure cloud')</skipped></testcase><testcase classname="" name="tests.datasource.fluent.test_spark_google_cloud_storage_datasource" time="0.000"><skipped message="collection skipped">('/Users/nathanfarmer/great_expectations/tests/datasource/fluent/test_spark_google_cloud_storage_datasource.py', 26, 'Skipped: Could not import "storage" from google.cloud in configured_asset_gcs_data_connector.py')</skipped></testcase><testcase classname="" name="tests.expectations.core.test_expect_queried_column_value_frequency_to_meet_threshold" time="0.000"><skipped message="collection skipped">('/Users/nathanfarmer/great_expectations/tests/expectations/core/test_expect_queried_column_value_frequency_to_meet_threshold.py', 38, 'Skipped: TODO: Fix in V1-323')</skipped></testcase><testcase classname="" name="tests.expectations.core.test_expect_queried_table_row_count_to_be" time="0.000"><skipped message="collection skipped">('/Users/nathanfarmer/great_expectations/tests/expectations/core/test_expect_queried_table_row_count_to_be.py', 36, 'Skipped: TODO: Fix in V1-323')</skipped></testcase><testcase classname="tests.datasource.fluent.integration.test_sql_datasources.TestTableIdentifiers" name="test_databricks_sql[unquoted_lower]" time="0.010"><skipped type="pytest.skip" message="no databricks credentials">/Users/nathanfarmer/great_expectations/tests/datasource/fluent/integration/test_sql_datasources.py:582: no databricks credentials</skipped></testcase><testcase classname="tests.datasource.fluent.integration.test_sql_datasources.TestTableIdentifiers" name="test_databricks_sql[quoted_lower]" time="0.008"><skipped type="pytest.skip" message="no databricks credentials">/Users/nathanfarmer/great_expectations/tests/datasource/fluent/integration/test_sql_datasources.py:582: no databricks credentials</skipped></testcase><testcase classname="tests.datasource.fluent.integration.test_sql_datasources.TestTableIdentifiers" name="test_databricks_sql[unquoted_upper]" time="0.012"><skipped type="pytest.skip" message="no databricks credentials">/Users/nathanfarmer/great_expectations/tests/datasource/fluent/integration/test_sql_datasources.py:582: no databricks credentials</skipped></testcase><testcase classname="tests.datasource.fluent.integration.test_sql_datasources.TestTableIdentifiers" name="test_databricks_sql[quoted_upper]" time="0.009"><skipped type="pytest.skip" message="no databricks credentials">/Users/nathanfarmer/great_expectations/tests/datasource/fluent/integration/test_sql_datasources.py:582: no databricks credentials</skipped></testcase><testcase classname="tests.datasource.fluent.integration.test_sql_datasources.TestTableIdentifiers" name="test_databricks_sql[quoted_mixed]" time="0.009"><skipped type="pytest.skip" message="no databricks credentials">/Users/nathanfarmer/great_expectations/tests/datasource/fluent/integration/test_sql_datasources.py:582: no databricks credentials</skipped></testcase><testcase classname="tests.datasource.fluent.integration.test_sql_datasources.TestTableIdentifiers" name="test_databricks_sql[unquoted_mixed]" time="0.008"><skipped type="pytest.skip" message="no databricks credentials">/Users/nathanfarmer/great_expectations/tests/datasource/fluent/integration/test_sql_datasources.py:582: no databricks credentials</skipped></testcase><testcase classname="tests.datasource.fluent.integration.test_sql_datasources.TestTableIdentifiers" name="test_checkpoint_run[databricks_sql-py311_iaae9cf52fc6c47ea8c810d529ab1fe4a-unquoted_lower]" time="0.008"><skipped type="pytest.skip" message="no databricks credentials">/Users/nathanfarmer/great_expectations/tests/datasource/fluent/integration/test_sql_datasources.py:652: no databricks credentials</skipped></testcase><testcase classname="tests.datasource.fluent.integration.test_sql_datasources.TestTableIdentifiers" name="test_checkpoint_run[databricks_sql-py311_iaae9cf52fc6c47ea8c810d529ab1fe4a-quoted_lower]" time="0.009"><skipped type="pytest.skip" message="no databricks credentials">/Users/nathanfarmer/great_expectations/tests/datasource/fluent/integration/test_sql_datasources.py:652: no databricks credentials</skipped></testcase><testcase classname="tests.datasource.fluent.integration.test_sql_datasources.TestTableIdentifiers" name="test_checkpoint_run[databricks_sql-py311_iaae9cf52fc6c47ea8c810d529ab1fe4a-unquoted_upper]" time="0.012"><skipped type="pytest.skip" message="no databricks credentials">/Users/nathanfarmer/great_expectations/tests/datasource/fluent/integration/test_sql_datasources.py:652: no databricks credentials</skipped></testcase><testcase classname="tests.datasource.fluent.integration.test_sql_datasources.TestTableIdentifiers" name="test_checkpoint_run[databricks_sql-py311_iaae9cf52fc6c47ea8c810d529ab1fe4a-quoted_upper]" time="0.008"><skipped type="pytest.skip" message="no databricks credentials">/Users/nathanfarmer/great_expectations/tests/datasource/fluent/integration/test_sql_datasources.py:652: no databricks credentials</skipped></testcase><testcase classname="tests.datasource.fluent.integration.test_sql_datasources.TestTableIdentifiers" name="test_checkpoint_run[databricks_sql-py311_iaae9cf52fc6c47ea8c810d529ab1fe4a-quoted_mixed]" time="0.008"><skipped type="pytest.skip" message="no databricks credentials">/Users/nathanfarmer/great_expectations/tests/datasource/fluent/integration/test_sql_datasources.py:652: no databricks credentials</skipped></testcase><testcase classname="tests.datasource.fluent.integration.test_sql_datasources.TestTableIdentifiers" name="test_checkpoint_run[databricks_sql-py311_iaae9cf52fc6c47ea8c810d529ab1fe4a-unquoted_mixed]" time="0.012"><skipped type="pytest.skip" message="no databricks credentials">/Users/nathanfarmer/great_expectations/tests/datasource/fluent/integration/test_sql_datasources.py:652: no databricks credentials</skipped></testcase><testcase classname="tests.datasource.fluent.integration.test_sql_datasources.TestColumnExpectations" name="test_unquoted_params[databricks_sql-str unquoted_lower_col-expect_column_to_exist]" time="0.008"><skipped type="pytest.skip" message="no databricks credentials">/Users/nathanfarmer/great_expectations/tests/datasource/fluent/integration/test_sql_datasources.py:789: no databricks credentials</skipped></testcase><testcase classname="tests.datasource.fluent.integration.test_sql_datasources.TestColumnExpectations" name="test_unquoted_params[databricks_sql-str unquoted_lower_col-expect_column_values_to_not_be_null]" time="0.008"><skipped type="pytest.skip" message="no databricks credentials">/Users/nathanfarmer/great_expectations/tests/datasource/fluent/integration/test_sql_datasources.py:789: no databricks credentials</skipped></testcase><testcase classname="tests.datasource.fluent.integration.test_sql_datasources.TestColumnExpectations" name="test_unquoted_params[databricks_sql-str unquoted_lower_col-expect_column_values_to_match_regex]" time="0.009"><skipped type="pytest.skip" message="no databricks credentials">/Users/nathanfarmer/great_expectations/tests/datasource/fluent/integration/test_sql_datasources.py:789: no databricks credentials</skipped></testcase><testcase classname="tests.datasource.fluent.integration.test_sql_datasources.TestColumnExpectations" name="test_unquoted_params[databricks_sql-str unquoted_lower_col-expect_column_values_to_match_like_pattern]" time="0.008"><skipped type="pytest.skip" message="no databricks credentials">/Users/nathanfarmer/great_expectations/tests/datasource/fluent/integration/test_sql_datasources.py:789: no databricks credentials</skipped></testcase><testcase classname="tests.datasource.fluent.integration.test_sql_datasources.TestColumnExpectations" name="test_unquoted_params[databricks_sql-str UNQUOTED_LOWER_COL-expect_column_to_exist]" time="0.008"><skipped type="pytest.skip" message="no databricks credentials">/Users/nathanfarmer/great_expectations/tests/datasource/fluent/integration/test_sql_datasources.py:789: no databricks credentials</skipped></testcase><testcase classname="tests.datasource.fluent.integration.test_sql_datasources.TestColumnExpectations" name="test_unquoted_params[databricks_sql-str UNQUOTED_LOWER_COL-expect_column_values_to_not_be_null]" time="0.009"><skipped type="pytest.skip" message="no databricks credentials">/Users/nathanfarmer/great_expectations/tests/datasource/fluent/integration/test_sql_datasources.py:789: no databricks credentials</skipped></testcase><testcase classname="tests.datasource.fluent.integration.test_sql_datasources.TestColumnExpectations" name="test_unquoted_params[databricks_sql-str UNQUOTED_LOWER_COL-expect_column_values_to_match_regex]" time="0.008"><skipped type="pytest.skip" message="no databricks credentials">/Users/nathanfarmer/great_expectations/tests/datasource/fluent/integration/test_sql_datasources.py:789: no databricks credentials</skipped></testcase><testcase classname="tests.datasource.fluent.integration.test_sql_datasources.TestColumnExpectations" name="test_unquoted_params[databricks_sql-str UNQUOTED_LOWER_COL-expect_column_values_to_match_like_pattern]" time="0.009"><skipped type="pytest.skip" message="no databricks credentials">/Users/nathanfarmer/great_expectations/tests/datasource/fluent/integration/test_sql_datasources.py:789: no databricks credentials</skipped></testcase><testcase classname="tests.datasource.fluent.integration.test_sql_datasources.TestColumnExpectations" name="test_unquoted_params[databricks_sql-str unquoted_upper_col-expect_column_to_exist]" time="0.008"><skipped type="pytest.skip" message="no databricks credentials">/Users/nathanfarmer/great_expectations/tests/datasource/fluent/integration/test_sql_datasources.py:789: no databricks credentials</skipped></testcase><testcase classname="tests.datasource.fluent.integration.test_sql_datasources.TestColumnExpectations" name="test_unquoted_params[databricks_sql-str unquoted_upper_col-expect_column_values_to_not_be_null]" time="0.009"><skipped type="pytest.skip" message="no databricks credentials">/Users/nathanfarmer/great_expectations/tests/datasource/fluent/integration/test_sql_datasources.py:789: no databricks credentials</skipped></testcase><testcase classname="tests.datasource.fluent.integration.test_sql_datasources.TestColumnExpectations" name="test_unquoted_params[databricks_sql-str unquoted_upper_col-expect_column_values_to_match_regex]" time="0.009"><skipped type="pytest.skip" message="no databricks credentials">/Users/nathanfarmer/great_expectations/tests/datasource/fluent/integration/test_sql_datasources.py:789: no databricks credentials</skipped></testcase><testcase classname="tests.datasource.fluent.integration.test_sql_datasources.TestColumnExpectations" name="test_unquoted_params[databricks_sql-str unquoted_upper_col-expect_column_values_to_match_like_pattern]" time="0.008"><skipped type="pytest.skip" message="no databricks credentials">/Users/nathanfarmer/great_expectations/tests/datasource/fluent/integration/test_sql_datasources.py:789: no databricks credentials</skipped></testcase><testcase classname="tests.datasource.fluent.integration.test_sql_datasources.TestColumnExpectations" name="test_unquoted_params[databricks_sql-str UNQUOTED_UPPER_COL-expect_column_to_exist]" time="0.010"><skipped type="pytest.skip" message="no databricks credentials">/Users/nathanfarmer/great_expectations/tests/datasource/fluent/integration/test_sql_datasources.py:789: no databricks credentials</skipped></testcase><testcase classname="tests.datasource.fluent.integration.test_sql_datasources.TestColumnExpectations" name="test_unquoted_params[databricks_sql-str UNQUOTED_UPPER_COL-expect_column_values_to_not_be_null]" time="0.008"><skipped type="pytest.skip" message="no databricks credentials">/Users/nathanfarmer/great_expectations/tests/datasource/fluent/integration/test_sql_datasources.py:789: no databricks credentials</skipped></testcase><testcase classname="tests.datasource.fluent.integration.test_sql_datasources.TestColumnExpectations" name="test_unquoted_params[databricks_sql-str UNQUOTED_UPPER_COL-expect_column_values_to_match_regex]" time="0.010"><skipped type="pytest.skip" message="no databricks credentials">/Users/nathanfarmer/great_expectations/tests/datasource/fluent/integration/test_sql_datasources.py:789: no databricks credentials</skipped></testcase><testcase classname="tests.datasource.fluent.integration.test_sql_datasources.TestColumnExpectations" name="test_unquoted_params[databricks_sql-str UNQUOTED_UPPER_COL-expect_column_values_to_match_like_pattern]" time="0.008"><skipped type="pytest.skip" message="no databricks credentials">/Users/nathanfarmer/great_expectations/tests/datasource/fluent/integration/test_sql_datasources.py:789: no databricks credentials</skipped></testcase><testcase classname="tests.datasource.fluent.integration.test_sql_datasources.TestColumnExpectations" name="test_unquoted_params[databricks_sql-str quoted_lower_col-expect_column_to_exist]" time="0.008"><skipped type="pytest.skip" message="no databricks credentials">/Users/nathanfarmer/great_expectations/tests/datasource/fluent/integration/test_sql_datasources.py:789: no databricks credentials</skipped></testcase><testcase classname="tests.datasource.fluent.integration.test_sql_datasources.TestColumnExpectations" name="test_unquoted_params[databricks_sql-str quoted_lower_col-expect_column_values_to_not_be_null]" time="0.008"><skipped type="pytest.skip" message="no databricks credentials">/Users/nathanfarmer/great_expectations/tests/datasource/fluent/integration/test_sql_datasources.py:789: no databricks credentials</skipped></testcase><testcase classname="tests.datasource.fluent.integration.test_sql_datasources.TestColumnExpectations" name="test_unquoted_params[databricks_sql-str quoted_lower_col-expect_column_values_to_match_regex]" time="0.009"><skipped type="pytest.skip" message="no databricks credentials">/Users/nathanfarmer/great_expectations/tests/datasource/fluent/integration/test_sql_datasources.py:789: no databricks credentials</skipped></testcase><testcase classname="tests.datasource.fluent.integration.test_sql_datasources.TestColumnExpectations" name="test_unquoted_params[databricks_sql-str quoted_lower_col-expect_column_values_to_match_like_pattern]" time="0.008"><skipped type="pytest.skip" message="no databricks credentials">/Users/nathanfarmer/great_expectations/tests/datasource/fluent/integration/test_sql_datasources.py:789: no databricks credentials</skipped></testcase><testcase classname="tests.datasource.fluent.integration.test_sql_datasources.TestColumnExpectations" name="test_unquoted_params[databricks_sql-str QUOTED_LOWER_COL-expect_column_to_exist]" time="0.008"><skipped type="pytest.skip" message="no databricks credentials">/Users/nathanfarmer/great_expectations/tests/datasource/fluent/integration/test_sql_datasources.py:789: no databricks credentials</skipped></testcase><testcase classname="tests.datasource.fluent.integration.test_sql_datasources.TestColumnExpectations" name="test_unquoted_params[databricks_sql-str QUOTED_LOWER_COL-expect_column_values_to_not_be_null]" time="0.008"><skipped type="pytest.skip" message="no databricks credentials">/Users/nathanfarmer/great_expectations/tests/datasource/fluent/integration/test_sql_datasources.py:789: no databricks credentials</skipped></testcase><testcase classname="tests.datasource.fluent.integration.test_sql_datasources.TestColumnExpectations" name="test_unquoted_params[databricks_sql-str QUOTED_LOWER_COL-expect_column_values_to_match_regex]" time="0.013"><skipped type="pytest.skip" message="no databricks credentials">/Users/nathanfarmer/great_expectations/tests/datasource/fluent/integration/test_sql_datasources.py:789: no databricks credentials</skipped></testcase><testcase classname="tests.datasource.fluent.integration.test_sql_datasources.TestColumnExpectations" name="test_unquoted_params[databricks_sql-str QUOTED_LOWER_COL-expect_column_values_to_match_like_pattern]" time="0.009"><skipped type="pytest.skip" message="no databricks credentials">/Users/nathanfarmer/great_expectations/tests/datasource/fluent/integration/test_sql_datasources.py:789: no databricks credentials</skipped></testcase><testcase classname="tests.datasource.fluent.integration.test_sql_datasources.TestColumnExpectations" name="test_unquoted_params[databricks_sql-str quoted_upper_col-expect_column_to_exist]" time="0.008"><skipped type="pytest.skip" message="no databricks credentials">/Users/nathanfarmer/great_expectations/tests/datasource/fluent/integration/test_sql_datasources.py:789: no databricks credentials</skipped></testcase><testcase classname="tests.datasource.fluent.integration.test_sql_datasources.TestColumnExpectations" name="test_unquoted_params[databricks_sql-str quoted_upper_col-expect_column_values_to_not_be_null]" time="0.011"><skipped type="pytest.skip" message="no databricks credentials">/Users/nathanfarmer/great_expectations/tests/datasource/fluent/integration/test_sql_datasources.py:789: no databricks credentials</skipped></testcase><testcase classname="tests.datasource.fluent.integration.test_sql_datasources.TestColumnExpectations" name="test_unquoted_params[databricks_sql-str quoted_upper_col-expect_column_values_to_match_regex]" time="0.008"><skipped type="pytest.skip" message="no databricks credentials">/Users/nathanfarmer/great_expectations/tests/datasource/fluent/integration/test_sql_datasources.py:789: no databricks credentials</skipped></testcase><testcase classname="tests.datasource.fluent.integration.test_sql_datasources.TestColumnExpectations" name="test_unquoted_params[databricks_sql-str quoted_upper_col-expect_column_values_to_match_like_pattern]" time="0.008"><skipped type="pytest.skip" message="no databricks credentials">/Users/nathanfarmer/great_expectations/tests/datasource/fluent/integration/test_sql_datasources.py:789: no databricks credentials</skipped></testcase><testcase classname="tests.datasource.fluent.integration.test_sql_datasources.TestColumnExpectations" name="test_unquoted_params[databricks_sql-str QUOTED_UPPER_COL-expect_column_to_exist]" time="0.009"><skipped type="pytest.skip" message="no databricks credentials">/Users/nathanfarmer/great_expectations/tests/datasource/fluent/integration/test_sql_datasources.py:789: no databricks credentials</skipped></testcase><testcase classname="tests.datasource.fluent.integration.test_sql_datasources.TestColumnExpectations" name="test_unquoted_params[databricks_sql-str QUOTED_UPPER_COL-expect_column_values_to_not_be_null]" time="0.008"><skipped type="pytest.skip" message="no databricks credentials">/Users/nathanfarmer/great_expectations/tests/datasource/fluent/integration/test_sql_datasources.py:789: no databricks credentials</skipped></testcase><testcase classname="tests.datasource.fluent.integration.test_sql_datasources.TestColumnExpectations" name="test_unquoted_params[databricks_sql-str QUOTED_UPPER_COL-expect_column_values_to_match_regex]" time="0.009"><skipped type="pytest.skip" message="no databricks credentials">/Users/nathanfarmer/great_expectations/tests/datasource/fluent/integration/test_sql_datasources.py:789: no databricks credentials</skipped></testcase><testcase classname="tests.datasource.fluent.integration.test_sql_datasources.TestColumnExpectations" name="test_unquoted_params[databricks_sql-str QUOTED_UPPER_COL-expect_column_values_to_match_like_pattern]" time="0.009"><skipped type="pytest.skip" message="no databricks credentials">/Users/nathanfarmer/great_expectations/tests/datasource/fluent/integration/test_sql_datasources.py:789: no databricks credentials</skipped></testcase><testcase classname="tests.datasource.fluent.integration.test_sql_datasources.TestColumnExpectations" name="test_unquoted_params[databricks_sql-str quotedmixed-expect_column_to_exist]" time="0.011"><skipped type="pytest.skip" message="no databricks credentials">/Users/nathanfarmer/great_expectations/tests/datasource/fluent/integration/test_sql_datasources.py:789: no databricks credentials</skipped></testcase><testcase classname="tests.datasource.fluent.integration.test_sql_datasources.TestColumnExpectations" name="test_unquoted_params[databricks_sql-str quotedmixed-expect_column_values_to_not_be_null]" time="0.016"><skipped type="pytest.skip" message="no databricks credentials">/Users/nathanfarmer/great_expectations/tests/datasource/fluent/integration/test_sql_datasources.py:789: no databricks credentials</skipped></testcase><testcase classname="tests.datasource.fluent.integration.test_sql_datasources.TestColumnExpectations" name="test_unquoted_params[databricks_sql-str quotedmixed-expect_column_values_to_match_regex]" time="0.013"><skipped type="pytest.skip" message="no databricks credentials">/Users/nathanfarmer/great_expectations/tests/datasource/fluent/integration/test_sql_datasources.py:789: no databricks credentials</skipped></testcase><testcase classname="tests.datasource.fluent.integration.test_sql_datasources.TestColumnExpectations" name="test_unquoted_params[databricks_sql-str quotedmixed-expect_column_values_to_match_like_pattern]" time="0.009"><skipped type="pytest.skip" message="no databricks credentials">/Users/nathanfarmer/great_expectations/tests/datasource/fluent/integration/test_sql_datasources.py:789: no databricks credentials</skipped></testcase><testcase classname="tests.datasource.fluent.integration.test_sql_datasources.TestColumnExpectations" name="test_unquoted_params[databricks_sql-str quotedMixed-expect_column_to_exist]" time="0.012"><skipped type="pytest.skip" message="no databricks credentials">/Users/nathanfarmer/great_expectations/tests/datasource/fluent/integration/test_sql_datasources.py:789: no databricks credentials</skipped></testcase><testcase classname="tests.datasource.fluent.integration.test_sql_datasources.TestColumnExpectations" name="test_unquoted_params[databricks_sql-str quotedMixed-expect_column_values_to_not_be_null]" time="0.008"><skipped type="pytest.skip" message="no databricks credentials">/Users/nathanfarmer/great_expectations/tests/datasource/fluent/integration/test_sql_datasources.py:789: no databricks credentials</skipped></testcase><testcase classname="tests.datasource.fluent.integration.test_sql_datasources.TestColumnExpectations" name="test_unquoted_params[databricks_sql-str quotedMixed-expect_column_values_to_match_regex]" time="0.009"><skipped type="pytest.skip" message="no databricks credentials">/Users/nathanfarmer/great_expectations/tests/datasource/fluent/integration/test_sql_datasources.py:789: no databricks credentials</skipped></testcase><testcase classname="tests.datasource.fluent.integration.test_sql_datasources.TestColumnExpectations" name="test_unquoted_params[databricks_sql-str quotedMixed-expect_column_values_to_match_like_pattern]" time="0.009"><skipped type="pytest.skip" message="no databricks credentials">/Users/nathanfarmer/great_expectations/tests/datasource/fluent/integration/test_sql_datasources.py:789: no databricks credentials</skipped></testcase><testcase classname="tests.datasource.fluent.integration.test_sql_datasources.TestColumnExpectations" name="test_unquoted_params[databricks_sql-str QUOTEDMIXED-expect_column_to_exist]" time="0.008"><skipped type="pytest.skip" message="no databricks credentials">/Users/nathanfarmer/great_expectations/tests/datasource/fluent/integration/test_sql_datasources.py:789: no databricks credentials</skipped></testcase><testcase classname="tests.datasource.fluent.integration.test_sql_datasources.TestColumnExpectations" name="test_unquoted_params[databricks_sql-str QUOTEDMIXED-expect_column_values_to_not_be_null]" time="0.008"><skipped type="pytest.skip" message="no databricks credentials">/Users/nathanfarmer/great_expectations/tests/datasource/fluent/integration/test_sql_datasources.py:789: no databricks credentials</skipped></testcase><testcase classname="tests.datasource.fluent.integration.test_sql_datasources.TestColumnExpectations" name="test_unquoted_params[databricks_sql-str QUOTEDMIXED-expect_column_values_to_match_regex]" time="0.008"><skipped type="pytest.skip" message="no databricks credentials">/Users/nathanfarmer/great_expectations/tests/datasource/fluent/integration/test_sql_datasources.py:789: no databricks credentials</skipped></testcase><testcase classname="tests.datasource.fluent.integration.test_sql_datasources.TestColumnExpectations" name="test_unquoted_params[databricks_sql-str QUOTEDMIXED-expect_column_values_to_match_like_pattern]" time="0.012"><skipped type="pytest.skip" message="no databricks credentials">/Users/nathanfarmer/great_expectations/tests/datasource/fluent/integration/test_sql_datasources.py:789: no databricks credentials</skipped></testcase><testcase classname="tests.datasource.fluent.integration.test_sql_datasources.TestColumnExpectations" name="test_unquoted_params[databricks_sql-str quoted.w.dots-expect_column_to_exist]" time="0.008"><skipped type="pytest.skip" message="no databricks credentials">/Users/nathanfarmer/great_expectations/tests/datasource/fluent/integration/test_sql_datasources.py:789: no databricks credentials</skipped></testcase><testcase classname="tests.datasource.fluent.integration.test_sql_datasources.TestColumnExpectations" name="test_unquoted_params[databricks_sql-str quoted.w.dots-expect_column_values_to_not_be_null]" time="0.009"><skipped type="pytest.skip" message="no databricks credentials">/Users/nathanfarmer/great_expectations/tests/datasource/fluent/integration/test_sql_datasources.py:789: no databricks credentials</skipped></testcase><testcase classname="tests.datasource.fluent.integration.test_sql_datasources.TestColumnExpectations" name="test_unquoted_params[databricks_sql-str quoted.w.dots-expect_column_values_to_match_regex]" time="0.009"><skipped type="pytest.skip" message="no databricks credentials">/Users/nathanfarmer/great_expectations/tests/datasource/fluent/integration/test_sql_datasources.py:789: no databricks credentials</skipped></testcase><testcase classname="tests.datasource.fluent.integration.test_sql_datasources.TestColumnExpectations" name="test_unquoted_params[databricks_sql-str quoted.w.dots-expect_column_values_to_match_like_pattern]" time="0.021"><skipped type="pytest.skip" message="no databricks credentials">/Users/nathanfarmer/great_expectations/tests/datasource/fluent/integration/test_sql_datasources.py:789: no databricks credentials</skipped></testcase><testcase classname="tests.datasource.fluent.integration.test_sql_datasources.TestColumnExpectations" name="test_unquoted_params[databricks_sql-str QUOTED.W.DOTS-expect_column_to_exist]" time="0.008"><skipped type="pytest.skip" message="no databricks credentials">/Users/nathanfarmer/great_expectations/tests/datasource/fluent/integration/test_sql_datasources.py:789: no databricks credentials</skipped></testcase><testcase classname="tests.datasource.fluent.integration.test_sql_datasources.TestColumnExpectations" name="test_unquoted_params[databricks_sql-str QUOTED.W.DOTS-expect_column_values_to_not_be_null]" time="0.008"><skipped type="pytest.skip" message="no databricks credentials">/Users/nathanfarmer/great_expectations/tests/datasource/fluent/integration/test_sql_datasources.py:789: no databricks credentials</skipped></testcase><testcase classname="tests.datasource.fluent.integration.test_sql_datasources.TestColumnExpectations" name="test_unquoted_params[databricks_sql-str QUOTED.W.DOTS-expect_column_values_to_match_regex]" time="0.008"><skipped type="pytest.skip" message="no databricks credentials">/Users/nathanfarmer/great_expectations/tests/datasource/fluent/integration/test_sql_datasources.py:789: no databricks credentials</skipped></testcase><testcase classname="tests.datasource.fluent.integration.test_sql_datasources.TestColumnExpectations" name="test_unquoted_params[databricks_sql-str QUOTED.W.DOTS-expect_column_values_to_match_like_pattern]" time="0.009"><skipped type="pytest.skip" message="no databricks credentials">/Users/nathanfarmer/great_expectations/tests/datasource/fluent/integration/test_sql_datasources.py:789: no databricks credentials</skipped></testcase><testcase classname="tests.datasource.fluent.integration.test_sql_datasources.TestColumnExpectations" name="test_quoted_params[databricks_sql-str &quot;unquoted_lower_col&quot;-expect_column_to_exist]" time="0.008"><skipped type="pytest.skip" message="no databricks credentials">/Users/nathanfarmer/great_expectations/tests/datasource/fluent/integration/test_sql_datasources.py:899: no databricks credentials</skipped></testcase><testcase classname="tests.datasource.fluent.integration.test_sql_datasources.TestColumnExpectations" name="test_quoted_params[databricks_sql-str &quot;unquoted_lower_col&quot;-expect_column_values_to_not_be_null]" time="0.009"><skipped type="pytest.skip" message="no databricks credentials">/Users/nathanfarmer/great_expectations/tests/datasource/fluent/integration/test_sql_datasources.py:899: no databricks credentials</skipped></testcase><testcase classname="tests.datasource.fluent.integration.test_sql_datasources.TestColumnExpectations" name="test_quoted_params[databricks_sql-str &quot;unquoted_lower_col&quot;-expect_column_values_to_match_regex]" time="0.008"><skipped type="pytest.skip" message="no databricks credentials">/Users/nathanfarmer/great_expectations/tests/datasource/fluent/integration/test_sql_datasources.py:899: no databricks credentials</skipped></testcase><testcase classname="tests.datasource.fluent.integration.test_sql_datasources.TestColumnExpectations" name="test_quoted_params[databricks_sql-str &quot;unquoted_lower_col&quot;-expect_column_values_to_match_like_pattern]" time="0.009"><skipped type="pytest.skip" message="no databricks credentials">/Users/nathanfarmer/great_expectations/tests/datasource/fluent/integration/test_sql_datasources.py:899: no databricks credentials</skipped></testcase><testcase classname="tests.datasource.fluent.integration.test_sql_datasources.TestColumnExpectations" name="test_quoted_params[databricks_sql-str &quot;UNQUOTED_UPPER_COL&quot;-expect_column_to_exist]" time="0.009"><skipped type="pytest.skip" message="no databricks credentials">/Users/nathanfarmer/great_expectations/tests/datasource/fluent/integration/test_sql_datasources.py:899: no databricks credentials</skipped></testcase><testcase classname="tests.datasource.fluent.integration.test_sql_datasources.TestColumnExpectations" name="test_quoted_params[databricks_sql-str &quot;UNQUOTED_UPPER_COL&quot;-expect_column_values_to_not_be_null]" time="0.010"><skipped type="pytest.skip" message="no databricks credentials">/Users/nathanfarmer/great_expectations/tests/datasource/fluent/integration/test_sql_datasources.py:899: no databricks credentials</skipped></testcase><testcase classname="tests.datasource.fluent.integration.test_sql_datasources.TestColumnExpectations" name="test_quoted_params[databricks_sql-str &quot;UNQUOTED_UPPER_COL&quot;-expect_column_values_to_match_regex]" time="0.011"><skipped type="pytest.skip" message="no databricks credentials">/Users/nathanfarmer/great_expectations/tests/datasource/fluent/integration/test_sql_datasources.py:899: no databricks credentials</skipped></testcase><testcase classname="tests.datasource.fluent.integration.test_sql_datasources.TestColumnExpectations" name="test_quoted_params[databricks_sql-str &quot;UNQUOTED_UPPER_COL&quot;-expect_column_values_to_match_like_pattern]" time="0.009"><skipped type="pytest.skip" message="no databricks credentials">/Users/nathanfarmer/great_expectations/tests/datasource/fluent/integration/test_sql_datasources.py:899: no databricks credentials</skipped></testcase><testcase classname="tests.datasource.fluent.integration.test_sql_datasources.TestColumnExpectations" name="test_quoted_params[databricks_sql-str &quot;quoted_lower_col&quot;-expect_column_to_exist]" time="0.017"><skipped type="pytest.skip" message="no databricks credentials">/Users/nathanfarmer/great_expectations/tests/datasource/fluent/integration/test_sql_datasources.py:899: no databricks credentials</skipped></testcase><testcase classname="tests.datasource.fluent.integration.test_sql_datasources.TestColumnExpectations" name="test_quoted_params[databricks_sql-str &quot;quoted_lower_col&quot;-expect_column_values_to_not_be_null]" time="0.009"><skipped type="pytest.skip" message="no databricks credentials">/Users/nathanfarmer/great_expectations/tests/datasource/fluent/integration/test_sql_datasources.py:899: no databricks credentials</skipped></testcase><testcase classname="tests.datasource.fluent.integration.test_sql_datasources.TestColumnExpectations" name="test_quoted_params[databricks_sql-str &quot;quoted_lower_col&quot;-expect_column_values_to_match_regex]" time="0.009"><skipped type="pytest.skip" message="no databricks credentials">/Users/nathanfarmer/great_expectations/tests/datasource/fluent/integration/test_sql_datasources.py:899: no databricks credentials</skipped></testcase><testcase classname="tests.datasource.fluent.integration.test_sql_datasources.TestColumnExpectations" name="test_quoted_params[databricks_sql-str &quot;quoted_lower_col&quot;-expect_column_values_to_match_like_pattern]" time="0.009"><skipped type="pytest.skip" message="no databricks credentials">/Users/nathanfarmer/great_expectations/tests/datasource/fluent/integration/test_sql_datasources.py:899: no databricks credentials</skipped></testcase><testcase classname="tests.datasource.fluent.integration.test_sql_datasources.TestColumnExpectations" name="test_quoted_params[databricks_sql-str &quot;QUOTED_UPPER_COL&quot;-expect_column_to_exist]" time="0.009"><skipped type="pytest.skip" message="no databricks credentials">/Users/nathanfarmer/great_expectations/tests/datasource/fluent/integration/test_sql_datasources.py:899: no databricks credentials</skipped></testcase><testcase classname="tests.datasource.fluent.integration.test_sql_datasources.TestColumnExpectations" name="test_quoted_params[databricks_sql-str &quot;QUOTED_UPPER_COL&quot;-expect_column_values_to_not_be_null]" time="0.011"><skipped type="pytest.skip" message="no databricks credentials">/Users/nathanfarmer/great_expectations/tests/datasource/fluent/integration/test_sql_datasources.py:899: no databricks credentials</skipped></testcase><testcase classname="tests.datasource.fluent.integration.test_sql_datasources.TestColumnExpectations" name="test_quoted_params[databricks_sql-str &quot;QUOTED_UPPER_COL&quot;-expect_column_values_to_match_regex]" time="0.010"><skipped type="pytest.skip" message="no databricks credentials">/Users/nathanfarmer/great_expectations/tests/datasource/fluent/integration/test_sql_datasources.py:899: no databricks credentials</skipped></testcase><testcase classname="tests.datasource.fluent.integration.test_sql_datasources.TestColumnExpectations" name="test_quoted_params[databricks_sql-str &quot;QUOTED_UPPER_COL&quot;-expect_column_values_to_match_like_pattern]" time="0.010"><skipped type="pytest.skip" message="no databricks credentials">/Users/nathanfarmer/great_expectations/tests/datasource/fluent/integration/test_sql_datasources.py:899: no databricks credentials</skipped></testcase><testcase classname="tests.datasource.fluent.integration.test_sql_datasources.TestColumnExpectations" name="test_quoted_params[databricks_sql-str &quot;quotedMixed&quot;-expect_column_to_exist]" time="0.009"><skipped type="pytest.skip" message="no databricks credentials">/Users/nathanfarmer/great_expectations/tests/datasource/fluent/integration/test_sql_datasources.py:899: no databricks credentials</skipped></testcase><testcase classname="tests.datasource.fluent.integration.test_sql_datasources.TestColumnExpectations" name="test_quoted_params[databricks_sql-str &quot;quotedMixed&quot;-expect_column_values_to_not_be_null]" time="0.009"><skipped type="pytest.skip" message="no databricks credentials">/Users/nathanfarmer/great_expectations/tests/datasource/fluent/integration/test_sql_datasources.py:899: no databricks credentials</skipped></testcase><testcase classname="tests.datasource.fluent.integration.test_sql_datasources.TestColumnExpectations" name="test_quoted_params[databricks_sql-str &quot;quotedMixed&quot;-expect_column_values_to_match_regex]" time="0.012"><skipped type="pytest.skip" message="no databricks credentials">/Users/nathanfarmer/great_expectations/tests/datasource/fluent/integration/test_sql_datasources.py:899: no databricks credentials</skipped></testcase><testcase classname="tests.datasource.fluent.integration.test_sql_datasources.TestColumnExpectations" name="test_quoted_params[databricks_sql-str &quot;quotedMixed&quot;-expect_column_values_to_match_like_pattern]" time="0.010"><skipped type="pytest.skip" message="no databricks credentials">/Users/nathanfarmer/great_expectations/tests/datasource/fluent/integration/test_sql_datasources.py:899: no databricks credentials</skipped></testcase><testcase classname="tests.datasource.fluent.integration.test_sql_datasources.TestColumnExpectations" name="test_quoted_params[databricks_sql-str &quot;quoted.w.dots&quot;-expect_column_to_exist]" time="0.013"><skipped type="pytest.skip" message="no databricks credentials">/Users/nathanfarmer/great_expectations/tests/datasource/fluent/integration/test_sql_datasources.py:899: no databricks credentials</skipped></testcase><testcase classname="tests.datasource.fluent.integration.test_sql_datasources.TestColumnExpectations" name="test_quoted_params[databricks_sql-str &quot;quoted.w.dots&quot;-expect_column_values_to_not_be_null]" time="0.013"><skipped type="pytest.skip" message="no databricks credentials">/Users/nathanfarmer/great_expectations/tests/datasource/fluent/integration/test_sql_datasources.py:899: no databricks credentials</skipped></testcase><testcase classname="tests.datasource.fluent.integration.test_sql_datasources.TestColumnExpectations" name="test_quoted_params[databricks_sql-str &quot;quoted.w.dots&quot;-expect_column_values_to_match_regex]" time="0.010"><skipped type="pytest.skip" message="no databricks credentials">/Users/nathanfarmer/great_expectations/tests/datasource/fluent/integration/test_sql_datasources.py:899: no databricks credentials</skipped></testcase><testcase classname="tests.datasource.fluent.integration.test_sql_datasources.TestColumnExpectations" name="test_quoted_params[databricks_sql-str &quot;quoted.w.dots&quot;-expect_column_values_to_match_like_pattern]" time="0.009"><skipped type="pytest.skip" message="no databricks credentials">/Users/nathanfarmer/great_expectations/tests/datasource/fluent/integration/test_sql_datasources.py:899: no databricks credentials</skipped></testcase><testcase classname="tests.datasource.fluent.integration.test_sql_datasources.TestColumnExpectations" name="test_desired_state[databricks_sql-str unquoted_lower_col-expect_column_to_exist]" time="0.012"><skipped type="pytest.skip" message="no databricks credentials">/Users/nathanfarmer/great_expectations/tests/datasource/fluent/integration/test_sql_datasources.py:1002: no databricks credentials</skipped></testcase><testcase classname="tests.datasource.fluent.integration.test_sql_datasources.TestColumnExpectations" name="test_desired_state[databricks_sql-str unquoted_lower_col-expect_column_values_to_not_be_null]" time="0.009"><skipped type="pytest.skip" message="no databricks credentials">/Users/nathanfarmer/great_expectations/tests/datasource/fluent/integration/test_sql_datasources.py:1002: no databricks credentials</skipped></testcase><testcase classname="tests.datasource.fluent.integration.test_sql_datasources.TestColumnExpectations" name="test_desired_state[databricks_sql-str unquoted_lower_col-expect_column_values_to_match_regex]" time="0.017"><skipped type="pytest.skip" message="no databricks credentials">/Users/nathanfarmer/great_expectations/tests/datasource/fluent/integration/test_sql_datasources.py:1002: no databricks credentials</skipped></testcase><testcase classname="tests.datasource.fluent.integration.test_sql_datasources.TestColumnExpectations" name="test_desired_state[databricks_sql-str unquoted_lower_col-expect_column_values_to_match_like_pattern]" time="0.010"><skipped type="pytest.skip" message="no databricks credentials">/Users/nathanfarmer/great_expectations/tests/datasource/fluent/integration/test_sql_datasources.py:1002: no databricks credentials</skipped></testcase><testcase classname="tests.datasource.fluent.integration.test_sql_datasources.TestColumnExpectations" name="test_desired_state[databricks_sql-str &quot;unquoted_lower_col&quot;-expect_column_to_exist]" time="0.009"><skipped type="pytest.skip" message="no databricks credentials">/Users/nathanfarmer/great_expectations/tests/datasource/fluent/integration/test_sql_datasources.py:1002: no databricks credentials</skipped></testcase><testcase classname="tests.datasource.fluent.integration.test_sql_datasources.TestColumnExpectations" name="test_desired_state[databricks_sql-str &quot;unquoted_lower_col&quot;-expect_column_values_to_not_be_null]" time="0.018"><skipped type="pytest.skip" message="no databricks credentials">/Users/nathanfarmer/great_expectations/tests/datasource/fluent/integration/test_sql_datasources.py:1002: no databricks credentials</skipped></testcase><testcase classname="tests.datasource.fluent.integration.test_sql_datasources.TestColumnExpectations" name="test_desired_state[databricks_sql-str &quot;unquoted_lower_col&quot;-expect_column_values_to_match_regex]" time="0.009"><skipped type="pytest.skip" message="no databricks credentials">/Users/nathanfarmer/great_expectations/tests/datasource/fluent/integration/test_sql_datasources.py:1002: no databricks credentials</skipped></testcase><testcase classname="tests.datasource.fluent.integration.test_sql_datasources.TestColumnExpectations" name="test_desired_state[databricks_sql-str &quot;unquoted_lower_col&quot;-expect_column_values_to_match_like_pattern]" time="0.012"><skipped type="pytest.skip" message="no databricks credentials">/Users/nathanfarmer/great_expectations/tests/datasource/fluent/integration/test_sql_datasources.py:1002: no databricks credentials</skipped></testcase><testcase classname="tests.datasource.fluent.integration.test_sql_datasources.TestColumnExpectations" name="test_desired_state[databricks_sql-str UNQUOTED_LOWER_COL-expect_column_to_exist]" time="0.032"><skipped type="pytest.skip" message="no databricks credentials">/Users/nathanfarmer/great_expectations/tests/datasource/fluent/integration/test_sql_datasources.py:1002: no databricks credentials</skipped></testcase><testcase classname="tests.datasource.fluent.integration.test_sql_datasources.TestColumnExpectations" name="test_desired_state[databricks_sql-str UNQUOTED_LOWER_COL-expect_column_values_to_not_be_null]" time="0.012"><skipped type="pytest.skip" message="no databricks credentials">/Users/nathanfarmer/great_expectations/tests/datasource/fluent/integration/test_sql_datasources.py:1002: no databricks credentials</skipped></testcase><testcase classname="tests.datasource.fluent.integration.test_sql_datasources.TestColumnExpectations" name="test_desired_state[databricks_sql-str UNQUOTED_LOWER_COL-expect_column_values_to_match_regex]" time="0.009"><skipped type="pytest.skip" message="no databricks credentials">/Users/nathanfarmer/great_expectations/tests/datasource/fluent/integration/test_sql_datasources.py:1002: no databricks credentials</skipped></testcase><testcase classname="tests.datasource.fluent.integration.test_sql_datasources.TestColumnExpectations" name="test_desired_state[databricks_sql-str UNQUOTED_LOWER_COL-expect_column_values_to_match_like_pattern]" time="0.014"><skipped type="pytest.skip" message="no databricks credentials">/Users/nathanfarmer/great_expectations/tests/datasource/fluent/integration/test_sql_datasources.py:1002: no databricks credentials</skipped></testcase><testcase classname="tests.datasource.fluent.integration.test_sql_datasources.TestColumnExpectations" name="test_desired_state[databricks_sql-str &quot;UNQUOTED_LOWER_COL&quot;-expect_column_to_exist]" time="0.015"><skipped type="pytest.skip" message="no databricks credentials">/Users/nathanfarmer/great_expectations/tests/datasource/fluent/integration/test_sql_datasources.py:1002: no databricks credentials</skipped></testcase><testcase classname="tests.datasource.fluent.integration.test_sql_datasources.TestColumnExpectations" name="test_desired_state[databricks_sql-str &quot;UNQUOTED_LOWER_COL&quot;-expect_column_values_to_not_be_null]" time="0.009"><skipped type="pytest.skip" message="no databricks credentials">/Users/nathanfarmer/great_expectations/tests/datasource/fluent/integration/test_sql_datasources.py:1002: no databricks credentials</skipped></testcase><testcase classname="tests.datasource.fluent.integration.test_sql_datasources.TestColumnExpectations" name="test_desired_state[databricks_sql-str &quot;UNQUOTED_LOWER_COL&quot;-expect_column_values_to_match_regex]" time="0.009"><skipped type="pytest.skip" message="no databricks credentials">/Users/nathanfarmer/great_expectations/tests/datasource/fluent/integration/test_sql_datasources.py:1002: no databricks credentials</skipped></testcase><testcase classname="tests.datasource.fluent.integration.test_sql_datasources.TestColumnExpectations" name="test_desired_state[databricks_sql-str &quot;UNQUOTED_LOWER_COL&quot;-expect_column_values_to_match_like_pattern]" time="0.015"><skipped type="pytest.skip" message="no databricks credentials">/Users/nathanfarmer/great_expectations/tests/datasource/fluent/integration/test_sql_datasources.py:1002: no databricks credentials</skipped></testcase><testcase classname="tests.datasource.fluent.integration.test_sql_datasources.TestColumnExpectations" name="test_desired_state[databricks_sql-str unquoted_upper_col-expect_column_to_exist]" time="0.017"><skipped type="pytest.skip" message="no databricks credentials">/Users/nathanfarmer/great_expectations/tests/datasource/fluent/integration/test_sql_datasources.py:1002: no databricks credentials</skipped></testcase><testcase classname="tests.datasource.fluent.integration.test_sql_datasources.TestColumnExpectations" name="test_desired_state[databricks_sql-str unquoted_upper_col-expect_column_values_to_not_be_null]" time="0.010"><skipped type="pytest.skip" message="no databricks credentials">/Users/nathanfarmer/great_expectations/tests/datasource/fluent/integration/test_sql_datasources.py:1002: no databricks credentials</skipped></testcase><testcase classname="tests.datasource.fluent.integration.test_sql_datasources.TestColumnExpectations" name="test_desired_state[databricks_sql-str unquoted_upper_col-expect_column_values_to_match_regex]" time="0.009"><skipped type="pytest.skip" message="no databricks credentials">/Users/nathanfarmer/great_expectations/tests/datasource/fluent/integration/test_sql_datasources.py:1002: no databricks credentials</skipped></testcase><testcase classname="tests.datasource.fluent.integration.test_sql_datasources.TestColumnExpectations" name="test_desired_state[databricks_sql-str unquoted_upper_col-expect_column_values_to_match_like_pattern]" time="0.009"><skipped type="pytest.skip" message="no databricks credentials">/Users/nathanfarmer/great_expectations/tests/datasource/fluent/integration/test_sql_datasources.py:1002: no databricks credentials</skipped></testcase><testcase classname="tests.datasource.fluent.integration.test_sql_datasources.TestColumnExpectations" name="test_desired_state[databricks_sql-str &quot;unquoted_upper_col&quot;-expect_column_to_exist]" time="0.021"><skipped type="pytest.skip" message="no databricks credentials">/Users/nathanfarmer/great_expectations/tests/datasource/fluent/integration/test_sql_datasources.py:1002: no databricks credentials</skipped></testcase><testcase classname="tests.datasource.fluent.integration.test_sql_datasources.TestColumnExpectations" name="test_desired_state[databricks_sql-str &quot;unquoted_upper_col&quot;-expect_column_values_to_not_be_null]" time="0.009"><skipped type="pytest.skip" message="no databricks credentials">/Users/nathanfarmer/great_expectations/tests/datasource/fluent/integration/test_sql_datasources.py:1002: no databricks credentials</skipped></testcase><testcase classname="tests.datasource.fluent.integration.test_sql_datasources.TestColumnExpectations" name="test_desired_state[databricks_sql-str &quot;unquoted_upper_col&quot;-expect_column_values_to_match_regex]" time="0.009"><skipped type="pytest.skip" message="no databricks credentials">/Users/nathanfarmer/great_expectations/tests/datasource/fluent/integration/test_sql_datasources.py:1002: no databricks credentials</skipped></testcase><testcase classname="tests.datasource.fluent.integration.test_sql_datasources.TestColumnExpectations" name="test_desired_state[databricks_sql-str &quot;unquoted_upper_col&quot;-expect_column_values_to_match_like_pattern]" time="0.020"><skipped type="pytest.skip" message="no databricks credentials">/Users/nathanfarmer/great_expectations/tests/datasource/fluent/integration/test_sql_datasources.py:1002: no databricks credentials</skipped></testcase><testcase classname="tests.datasource.fluent.integration.test_sql_datasources.TestColumnExpectations" name="test_desired_state[databricks_sql-str UNQUOTED_UPPER_COL-expect_column_to_exist]" time="0.014"><skipped type="pytest.skip" message="no databricks credentials">/Users/nathanfarmer/great_expectations/tests/datasource/fluent/integration/test_sql_datasources.py:1002: no databricks credentials</skipped></testcase><testcase classname="tests.datasource.fluent.integration.test_sql_datasources.TestColumnExpectations" name="test_desired_state[databricks_sql-str UNQUOTED_UPPER_COL-expect_column_values_to_not_be_null]" time="0.009"><skipped type="pytest.skip" message="no databricks credentials">/Users/nathanfarmer/great_expectations/tests/datasource/fluent/integration/test_sql_datasources.py:1002: no databricks credentials</skipped></testcase><testcase classname="tests.datasource.fluent.integration.test_sql_datasources.TestColumnExpectations" name="test_desired_state[databricks_sql-str UNQUOTED_UPPER_COL-expect_column_values_to_match_regex]" time="0.009"><skipped type="pytest.skip" message="no databricks credentials">/Users/nathanfarmer/great_expectations/tests/datasource/fluent/integration/test_sql_datasources.py:1002: no databricks credentials</skipped></testcase><testcase classname="tests.datasource.fluent.integration.test_sql_datasources.TestColumnExpectations" name="test_desired_state[databricks_sql-str UNQUOTED_UPPER_COL-expect_column_values_to_match_like_pattern]" time="0.009"><skipped type="pytest.skip" message="no databricks credentials">/Users/nathanfarmer/great_expectations/tests/datasource/fluent/integration/test_sql_datasources.py:1002: no databricks credentials</skipped></testcase><testcase classname="tests.datasource.fluent.integration.test_sql_datasources.TestColumnExpectations" name="test_desired_state[databricks_sql-str &quot;UNQUOTED_UPPER_COL&quot;-expect_column_to_exist]" time="0.009"><skipped type="pytest.skip" message="no databricks credentials">/Users/nathanfarmer/great_expectations/tests/datasource/fluent/integration/test_sql_datasources.py:1002: no databricks credentials</skipped></testcase><testcase classname="tests.datasource.fluent.integration.test_sql_datasources.TestColumnExpectations" name="test_desired_state[databricks_sql-str &quot;UNQUOTED_UPPER_COL&quot;-expect_column_values_to_not_be_null]" time="0.009"><skipped type="pytest.skip" message="no databricks credentials">/Users/nathanfarmer/great_expectations/tests/datasource/fluent/integration/test_sql_datasources.py:1002: no databricks credentials</skipped></testcase><testcase classname="tests.datasource.fluent.integration.test_sql_datasources.TestColumnExpectations" name="test_desired_state[databricks_sql-str &quot;UNQUOTED_UPPER_COL&quot;-expect_column_values_to_match_regex]" time="0.027"><skipped type="pytest.skip" message="no databricks credentials">/Users/nathanfarmer/great_expectations/tests/datasource/fluent/integration/test_sql_datasources.py:1002: no databricks credentials</skipped></testcase><testcase classname="tests.datasource.fluent.integration.test_sql_datasources.TestColumnExpectations" name="test_desired_state[databricks_sql-str &quot;UNQUOTED_UPPER_COL&quot;-expect_column_values_to_match_like_pattern]" time="0.011"><skipped type="pytest.skip" message="no databricks credentials">/Users/nathanfarmer/great_expectations/tests/datasource/fluent/integration/test_sql_datasources.py:1002: no databricks credentials</skipped></testcase><testcase classname="tests.datasource.fluent.integration.test_sql_datasources.TestColumnExpectations" name="test_desired_state[databricks_sql-str quoted_lower_col-expect_column_to_exist]" time="0.009"><skipped type="pytest.skip" message="no databricks credentials">/Users/nathanfarmer/great_expectations/tests/datasource/fluent/integration/test_sql_datasources.py:1002: no databricks credentials</skipped></testcase><testcase classname="tests.datasource.fluent.integration.test_sql_datasources.TestColumnExpectations" name="test_desired_state[databricks_sql-str quoted_lower_col-expect_column_values_to_not_be_null]" time="0.009"><skipped type="pytest.skip" message="no databricks credentials">/Users/nathanfarmer/great_expectations/tests/datasource/fluent/integration/test_sql_datasources.py:1002: no databricks credentials</skipped></testcase><testcase classname="tests.datasource.fluent.integration.test_sql_datasources.TestColumnExpectations" name="test_desired_state[databricks_sql-str quoted_lower_col-expect_column_values_to_match_regex]" time="0.010"><skipped type="pytest.skip" message="no databricks credentials">/Users/nathanfarmer/great_expectations/tests/datasource/fluent/integration/test_sql_datasources.py:1002: no databricks credentials</skipped></testcase><testcase classname="tests.datasource.fluent.integration.test_sql_datasources.TestColumnExpectations" name="test_desired_state[databricks_sql-str quoted_lower_col-expect_column_values_to_match_like_pattern]" time="0.019"><skipped type="pytest.skip" message="no databricks credentials">/Users/nathanfarmer/great_expectations/tests/datasource/fluent/integration/test_sql_datasources.py:1002: no databricks credentials</skipped></testcase><testcase classname="tests.datasource.fluent.integration.test_sql_datasources.TestColumnExpectations" name="test_desired_state[databricks_sql-str &quot;quoted_lower_col&quot;-expect_column_to_exist]" time="0.021"><skipped type="pytest.skip" message="no databricks credentials">/Users/nathanfarmer/great_expectations/tests/datasource/fluent/integration/test_sql_datasources.py:1002: no databricks credentials</skipped></testcase><testcase classname="tests.datasource.fluent.integration.test_sql_datasources.TestColumnExpectations" name="test_desired_state[databricks_sql-str &quot;quoted_lower_col&quot;-expect_column_values_to_not_be_null]" time="0.009"><skipped type="pytest.skip" message="no databricks credentials">/Users/nathanfarmer/great_expectations/tests/datasource/fluent/integration/test_sql_datasources.py:1002: no databricks credentials</skipped></testcase><testcase classname="tests.datasource.fluent.integration.test_sql_datasources.TestColumnExpectations" name="test_desired_state[databricks_sql-str &quot;quoted_lower_col&quot;-expect_column_values_to_match_regex]" time="0.010"><skipped type="pytest.skip" message="no databricks credentials">/Users/nathanfarmer/great_expectations/tests/datasource/fluent/integration/test_sql_datasources.py:1002: no databricks credentials</skipped></testcase><testcase classname="tests.datasource.fluent.integration.test_sql_datasources.TestColumnExpectations" name="test_desired_state[databricks_sql-str &quot;quoted_lower_col&quot;-expect_column_values_to_match_like_pattern]" time="0.009"><skipped type="pytest.skip" message="no databricks credentials">/Users/nathanfarmer/great_expectations/tests/datasource/fluent/integration/test_sql_datasources.py:1002: no databricks credentials</skipped></testcase><testcase classname="tests.datasource.fluent.integration.test_sql_datasources.TestColumnExpectations" name="test_desired_state[databricks_sql-str QUOTED_LOWER_COL-expect_column_to_exist]" time="0.155"><skipped type="pytest.skip" message="no databricks credentials">/Users/nathanfarmer/great_expectations/tests/datasource/fluent/integration/test_sql_datasources.py:1002: no databricks credentials</skipped></testcase><testcase classname="tests.datasource.fluent.integration.test_sql_datasources.TestColumnExpectations" name="test_desired_state[databricks_sql-str QUOTED_LOWER_COL-expect_column_values_to_not_be_null]" time="0.009"><skipped type="pytest.skip" message="no databricks credentials">/Users/nathanfarmer/great_expectations/tests/datasource/fluent/integration/test_sql_datasources.py:1002: no databricks credentials</skipped></testcase><testcase classname="tests.datasource.fluent.integration.test_sql_datasources.TestColumnExpectations" name="test_desired_state[databricks_sql-str QUOTED_LOWER_COL-expect_column_values_to_match_regex]" time="0.008"><skipped type="pytest.skip" message="no databricks credentials">/Users/nathanfarmer/great_expectations/tests/datasource/fluent/integration/test_sql_datasources.py:1002: no databricks credentials</skipped></testcase><testcase classname="tests.datasource.fluent.integration.test_sql_datasources.TestColumnExpectations" name="test_desired_state[databricks_sql-str QUOTED_LOWER_COL-expect_column_values_to_match_like_pattern]" time="0.010"><skipped type="pytest.skip" message="no databricks credentials">/Users/nathanfarmer/great_expectations/tests/datasource/fluent/integration/test_sql_datasources.py:1002: no databricks credentials</skipped></testcase><testcase classname="tests.datasource.fluent.integration.test_sql_datasources.TestColumnExpectations" name="test_desired_state[databricks_sql-str &quot;QUOTED_LOWER_COL&quot;-expect_column_to_exist]" time="0.008"><skipped type="pytest.skip" message="no databricks credentials">/Users/nathanfarmer/great_expectations/tests/datasource/fluent/integration/test_sql_datasources.py:1002: no databricks credentials</skipped></testcase><testcase classname="tests.datasource.fluent.integration.test_sql_datasources.TestColumnExpectations" name="test_desired_state[databricks_sql-str &quot;QUOTED_LOWER_COL&quot;-expect_column_values_to_not_be_null]" time="0.009"><skipped type="pytest.skip" message="no databricks credentials">/Users/nathanfarmer/great_expectations/tests/datasource/fluent/integration/test_sql_datasources.py:1002: no databricks credentials</skipped></testcase><testcase classname="tests.datasource.fluent.integration.test_sql_datasources.TestColumnExpectations" name="test_desired_state[databricks_sql-str &quot;QUOTED_LOWER_COL&quot;-expect_column_values_to_match_regex]" time="0.008"><skipped type="pytest.skip" message="no databricks credentials">/Users/nathanfarmer/great_expectations/tests/datasource/fluent/integration/test_sql_datasources.py:1002: no databricks credentials</skipped></testcase><testcase classname="tests.datasource.fluent.integration.test_sql_datasources.TestColumnExpectations" name="test_desired_state[databricks_sql-str &quot;QUOTED_LOWER_COL&quot;-expect_column_values_to_match_like_pattern]" time="0.010"><skipped type="pytest.skip" message="no databricks credentials">/Users/nathanfarmer/great_expectations/tests/datasource/fluent/integration/test_sql_datasources.py:1002: no databricks credentials</skipped></testcase><testcase classname="tests.datasource.fluent.integration.test_sql_datasources.TestColumnExpectations" name="test_desired_state[databricks_sql-str quoted_upper_col-expect_column_to_exist]" time="0.008"><skipped type="pytest.skip" message="no databricks credentials">/Users/nathanfarmer/great_expectations/tests/datasource/fluent/integration/test_sql_datasources.py:1002: no databricks credentials</skipped></testcase><testcase classname="tests.datasource.fluent.integration.test_sql_datasources.TestColumnExpectations" name="test_desired_state[databricks_sql-str quoted_upper_col-expect_column_values_to_not_be_null]" time="0.009"><skipped type="pytest.skip" message="no databricks credentials">/Users/nathanfarmer/great_expectations/tests/datasource/fluent/integration/test_sql_datasources.py:1002: no databricks credentials</skipped></testcase><testcase classname="tests.datasource.fluent.integration.test_sql_datasources.TestColumnExpectations" name="test_desired_state[databricks_sql-str quoted_upper_col-expect_column_values_to_match_regex]" time="0.008"><skipped type="pytest.skip" message="no databricks credentials">/Users/nathanfarmer/great_expectations/tests/datasource/fluent/integration/test_sql_datasources.py:1002: no databricks credentials</skipped></testcase><testcase classname="tests.datasource.fluent.integration.test_sql_datasources.TestColumnExpectations" name="test_desired_state[databricks_sql-str quoted_upper_col-expect_column_values_to_match_like_pattern]" time="0.008"><skipped type="pytest.skip" message="no databricks credentials">/Users/nathanfarmer/great_expectations/tests/datasource/fluent/integration/test_sql_datasources.py:1002: no databricks credentials</skipped></testcase><testcase classname="tests.datasource.fluent.integration.test_sql_datasources.TestColumnExpectations" name="test_desired_state[databricks_sql-str &quot;quoted_upper_col&quot;-expect_column_to_exist]" time="0.009"><skipped type="pytest.skip" message="no databricks credentials">/Users/nathanfarmer/great_expectations/tests/datasource/fluent/integration/test_sql_datasources.py:1002: no databricks credentials</skipped></testcase><testcase classname="tests.datasource.fluent.integration.test_sql_datasources.TestColumnExpectations" name="test_desired_state[databricks_sql-str &quot;quoted_upper_col&quot;-expect_column_values_to_not_be_null]" time="0.008"><skipped type="pytest.skip" message="no databricks credentials">/Users/nathanfarmer/great_expectations/tests/datasource/fluent/integration/test_sql_datasources.py:1002: no databricks credentials</skipped></testcase><testcase classname="tests.datasource.fluent.integration.test_sql_datasources.TestColumnExpectations" name="test_desired_state[databricks_sql-str &quot;quoted_upper_col&quot;-expect_column_values_to_match_regex]" time="0.008"><skipped type="pytest.skip" message="no databricks credentials">/Users/nathanfarmer/great_expectations/tests/datasource/fluent/integration/test_sql_datasources.py:1002: no databricks credentials</skipped></testcase><testcase classname="tests.datasource.fluent.integration.test_sql_datasources.TestColumnExpectations" name="test_desired_state[databricks_sql-str &quot;quoted_upper_col&quot;-expect_column_values_to_match_like_pattern]" time="0.009"><skipped type="pytest.skip" message="no databricks credentials">/Users/nathanfarmer/great_expectations/tests/datasource/fluent/integration/test_sql_datasources.py:1002: no databricks credentials</skipped></testcase><testcase classname="tests.datasource.fluent.integration.test_sql_datasources.TestColumnExpectations" name="test_desired_state[databricks_sql-str QUOTED_UPPER_COL-expect_column_to_exist]" time="0.008"><skipped type="pytest.skip" message="no databricks credentials">/Users/nathanfarmer/great_expectations/tests/datasource/fluent/integration/test_sql_datasources.py:1002: no databricks credentials</skipped></testcase><testcase classname="tests.datasource.fluent.integration.test_sql_datasources.TestColumnExpectations" name="test_desired_state[databricks_sql-str QUOTED_UPPER_COL-expect_column_values_to_not_be_null]" time="0.009"><skipped type="pytest.skip" message="no databricks credentials">/Users/nathanfarmer/great_expectations/tests/datasource/fluent/integration/test_sql_datasources.py:1002: no databricks credentials</skipped></testcase><testcase classname="tests.datasource.fluent.integration.test_sql_datasources.TestColumnExpectations" name="test_desired_state[databricks_sql-str QUOTED_UPPER_COL-expect_column_values_to_match_regex]" time="0.008"><skipped type="pytest.skip" message="no databricks credentials">/Users/nathanfarmer/great_expectations/tests/datasource/fluent/integration/test_sql_datasources.py:1002: no databricks credentials</skipped></testcase><testcase classname="tests.datasource.fluent.integration.test_sql_datasources.TestColumnExpectations" name="test_desired_state[databricks_sql-str QUOTED_UPPER_COL-expect_column_values_to_match_like_pattern]" time="0.011"><skipped type="pytest.skip" message="no databricks credentials">/Users/nathanfarmer/great_expectations/tests/datasource/fluent/integration/test_sql_datasources.py:1002: no databricks credentials</skipped></testcase><testcase classname="tests.datasource.fluent.integration.test_sql_datasources.TestColumnExpectations" name="test_desired_state[databricks_sql-str &quot;QUOTED_UPPER_COL&quot;-expect_column_to_exist]" time="0.008"><skipped type="pytest.skip" message="no databricks credentials">/Users/nathanfarmer/great_expectations/tests/datasource/fluent/integration/test_sql_datasources.py:1002: no databricks credentials</skipped></testcase><testcase classname="tests.datasource.fluent.integration.test_sql_datasources.TestColumnExpectations" name="test_desired_state[databricks_sql-str &quot;QUOTED_UPPER_COL&quot;-expect_column_values_to_not_be_null]" time="0.008"><skipped type="pytest.skip" message="no databricks credentials">/Users/nathanfarmer/great_expectations/tests/datasource/fluent/integration/test_sql_datasources.py:1002: no databricks credentials</skipped></testcase><testcase classname="tests.datasource.fluent.integration.test_sql_datasources.TestColumnExpectations" name="test_desired_state[databricks_sql-str &quot;QUOTED_UPPER_COL&quot;-expect_column_values_to_match_regex]" time="0.013"><skipped type="pytest.skip" message="no databricks credentials">/Users/nathanfarmer/great_expectations/tests/datasource/fluent/integration/test_sql_datasources.py:1002: no databricks credentials</skipped></testcase><testcase classname="tests.datasource.fluent.integration.test_sql_datasources.TestColumnExpectations" name="test_desired_state[databricks_sql-str &quot;QUOTED_UPPER_COL&quot;-expect_column_values_to_match_like_pattern]" time="0.009"><skipped type="pytest.skip" message="no databricks credentials">/Users/nathanfarmer/great_expectations/tests/datasource/fluent/integration/test_sql_datasources.py:1002: no databricks credentials</skipped></testcase><testcase classname="tests.datasource.fluent.integration.test_sql_datasources.TestColumnExpectations" name="test_desired_state[databricks_sql-str quotedmixed-expect_column_to_exist]" time="0.008"><skipped type="pytest.skip" message="no databricks credentials">/Users/nathanfarmer/great_expectations/tests/datasource/fluent/integration/test_sql_datasources.py:1002: no databricks credentials</skipped></testcase><testcase classname="tests.datasource.fluent.integration.test_sql_datasources.TestColumnExpectations" name="test_desired_state[databricks_sql-str quotedmixed-expect_column_values_to_not_be_null]" time="0.011"><skipped type="pytest.skip" message="no databricks credentials">/Users/nathanfarmer/great_expectations/tests/datasource/fluent/integration/test_sql_datasources.py:1002: no databricks credentials</skipped></testcase><testcase classname="tests.datasource.fluent.integration.test_sql_datasources.TestColumnExpectations" name="test_desired_state[databricks_sql-str quotedmixed-expect_column_values_to_match_regex]" time="0.008"><skipped type="pytest.skip" message="no databricks credentials">/Users/nathanfarmer/great_expectations/tests/datasource/fluent/integration/test_sql_datasources.py:1002: no databricks credentials</skipped></testcase><testcase classname="tests.datasource.fluent.integration.test_sql_datasources.TestColumnExpectations" name="test_desired_state[databricks_sql-str quotedmixed-expect_column_values_to_match_like_pattern]" time="0.008"><skipped type="pytest.skip" message="no databricks credentials">/Users/nathanfarmer/great_expectations/tests/datasource/fluent/integration/test_sql_datasources.py:1002: no databricks credentials</skipped></testcase><testcase classname="tests.datasource.fluent.integration.test_sql_datasources.TestColumnExpectations" name="test_desired_state[databricks_sql-str quotedMixed-expect_column_to_exist]" time="0.014"><skipped type="pytest.skip" message="no databricks credentials">/Users/nathanfarmer/great_expectations/tests/datasource/fluent/integration/test_sql_datasources.py:1002: no databricks credentials</skipped></testcase><testcase classname="tests.datasource.fluent.integration.test_sql_datasources.TestColumnExpectations" name="test_desired_state[databricks_sql-str quotedMixed-expect_column_values_to_not_be_null]" time="0.008"><skipped type="pytest.skip" message="no databricks credentials">/Users/nathanfarmer/great_expectations/tests/datasource/fluent/integration/test_sql_datasources.py:1002: no databricks credentials</skipped></testcase><testcase classname="tests.datasource.fluent.integration.test_sql_datasources.TestColumnExpectations" name="test_desired_state[databricks_sql-str quotedMixed-expect_column_values_to_match_regex]" time="0.008"><skipped type="pytest.skip" message="no databricks credentials">/Users/nathanfarmer/great_expectations/tests/datasource/fluent/integration/test_sql_datasources.py:1002: no databricks credentials</skipped></testcase><testcase classname="tests.datasource.fluent.integration.test_sql_datasources.TestColumnExpectations" name="test_desired_state[databricks_sql-str quotedMixed-expect_column_values_to_match_like_pattern]" time="0.009"><skipped type="pytest.skip" message="no databricks credentials">/Users/nathanfarmer/great_expectations/tests/datasource/fluent/integration/test_sql_datasources.py:1002: no databricks credentials</skipped></testcase><testcase classname="tests.datasource.fluent.integration.test_sql_datasources.TestColumnExpectations" name="test_desired_state[databricks_sql-str &quot;quotedMixed&quot;-expect_column_to_exist]" time="0.008"><skipped type="pytest.skip" message="no databricks credentials">/Users/nathanfarmer/great_expectations/tests/datasource/fluent/integration/test_sql_datasources.py:1002: no databricks credentials</skipped></testcase><testcase classname="tests.datasource.fluent.integration.test_sql_datasources.TestColumnExpectations" name="test_desired_state[databricks_sql-str &quot;quotedMixed&quot;-expect_column_values_to_not_be_null]" time="0.008"><skipped type="pytest.skip" message="no databricks credentials">/Users/nathanfarmer/great_expectations/tests/datasource/fluent/integration/test_sql_datasources.py:1002: no databricks credentials</skipped></testcase><testcase classname="tests.datasource.fluent.integration.test_sql_datasources.TestColumnExpectations" name="test_desired_state[databricks_sql-str &quot;quotedMixed&quot;-expect_column_values_to_match_regex]" time="0.009"><skipped type="pytest.skip" message="no databricks credentials">/Users/nathanfarmer/great_expectations/tests/datasource/fluent/integration/test_sql_datasources.py:1002: no databricks credentials</skipped></testcase><testcase classname="tests.datasource.fluent.integration.test_sql_datasources.TestColumnExpectations" name="test_desired_state[databricks_sql-str &quot;quotedMixed&quot;-expect_column_values_to_match_like_pattern]" time="0.008"><skipped type="pytest.skip" message="no databricks credentials">/Users/nathanfarmer/great_expectations/tests/datasource/fluent/integration/test_sql_datasources.py:1002: no databricks credentials</skipped></testcase><testcase classname="tests.datasource.fluent.integration.test_sql_datasources.TestColumnExpectations" name="test_desired_state[databricks_sql-str QUOTEDMIXED-expect_column_to_exist]" time="0.008"><skipped type="pytest.skip" message="no databricks credentials">/Users/nathanfarmer/great_expectations/tests/datasource/fluent/integration/test_sql_datasources.py:1002: no databricks credentials</skipped></testcase><testcase classname="tests.datasource.fluent.integration.test_sql_datasources.TestColumnExpectations" name="test_desired_state[databricks_sql-str QUOTEDMIXED-expect_column_values_to_not_be_null]" time="0.008"><skipped type="pytest.skip" message="no databricks credentials">/Users/nathanfarmer/great_expectations/tests/datasource/fluent/integration/test_sql_datasources.py:1002: no databricks credentials</skipped></testcase><testcase classname="tests.datasource.fluent.integration.test_sql_datasources.TestColumnExpectations" name="test_desired_state[databricks_sql-str QUOTEDMIXED-expect_column_values_to_match_regex]" time="0.010"><skipped type="pytest.skip" message="no databricks credentials">/Users/nathanfarmer/great_expectations/tests/datasource/fluent/integration/test_sql_datasources.py:1002: no databricks credentials</skipped></testcase><testcase classname="tests.datasource.fluent.integration.test_sql_datasources.TestColumnExpectations" name="test_desired_state[databricks_sql-str QUOTEDMIXED-expect_column_values_to_match_like_pattern]" time="0.008"><skipped type="pytest.skip" message="no databricks credentials">/Users/nathanfarmer/great_expectations/tests/datasource/fluent/integration/test_sql_datasources.py:1002: no databricks credentials</skipped></testcase><testcase classname="tests.datasource.fluent.integration.test_sql_datasources.TestColumnExpectations" name="test_desired_state[databricks_sql-str quoted.w.dots-expect_column_to_exist]" time="0.008"><skipped type="pytest.skip" message="no databricks credentials">/Users/nathanfarmer/great_expectations/tests/datasource/fluent/integration/test_sql_datasources.py:1002: no databricks credentials</skipped></testcase><testcase classname="tests.datasource.fluent.integration.test_sql_datasources.TestColumnExpectations" name="test_desired_state[databricks_sql-str quoted.w.dots-expect_column_values_to_not_be_null]" time="0.012"><skipped type="pytest.skip" message="no databricks credentials">/Users/nathanfarmer/great_expectations/tests/datasource/fluent/integration/test_sql_datasources.py:1002: no databricks credentials</skipped></testcase><testcase classname="tests.datasource.fluent.integration.test_sql_datasources.TestColumnExpectations" name="test_desired_state[databricks_sql-str quoted.w.dots-expect_column_values_to_match_regex]" time="0.008"><skipped type="pytest.skip" message="no databricks credentials">/Users/nathanfarmer/great_expectations/tests/datasource/fluent/integration/test_sql_datasources.py:1002: no databricks credentials</skipped></testcase><testcase classname="tests.datasource.fluent.integration.test_sql_datasources.TestColumnExpectations" name="test_desired_state[databricks_sql-str quoted.w.dots-expect_column_values_to_match_like_pattern]" time="0.008"><skipped type="pytest.skip" message="no databricks credentials">/Users/nathanfarmer/great_expectations/tests/datasource/fluent/integration/test_sql_datasources.py:1002: no databricks credentials</skipped></testcase><testcase classname="tests.datasource.fluent.integration.test_sql_datasources.TestColumnExpectations" name="test_desired_state[databricks_sql-str &quot;quoted.w.dots&quot;-expect_column_to_exist]" time="0.009"><skipped type="pytest.skip" message="no databricks credentials">/Users/nathanfarmer/great_expectations/tests/datasource/fluent/integration/test_sql_datasources.py:1002: no databricks credentials</skipped></testcase><testcase classname="tests.datasource.fluent.integration.test_sql_datasources.TestColumnExpectations" name="test_desired_state[databricks_sql-str &quot;quoted.w.dots&quot;-expect_column_values_to_not_be_null]" time="0.008"><skipped type="pytest.skip" message="no databricks credentials">/Users/nathanfarmer/great_expectations/tests/datasource/fluent/integration/test_sql_datasources.py:1002: no databricks credentials</skipped></testcase><testcase classname="tests.datasource.fluent.integration.test_sql_datasources.TestColumnExpectations" name="test_desired_state[databricks_sql-str &quot;quoted.w.dots&quot;-expect_column_values_to_match_regex]" time="0.009"><skipped type="pytest.skip" message="no databricks credentials">/Users/nathanfarmer/great_expectations/tests/datasource/fluent/integration/test_sql_datasources.py:1002: no databricks credentials</skipped></testcase><testcase classname="tests.datasource.fluent.integration.test_sql_datasources.TestColumnExpectations" name="test_desired_state[databricks_sql-str &quot;quoted.w.dots&quot;-expect_column_values_to_match_like_pattern]" time="0.009"><skipped type="pytest.skip" message="no databricks credentials">/Users/nathanfarmer/great_expectations/tests/datasource/fluent/integration/test_sql_datasources.py:1002: no databricks credentials</skipped></testcase><testcase classname="tests.datasource.fluent.integration.test_sql_datasources.TestColumnExpectations" name="test_desired_state[databricks_sql-str QUOTED.W.DOTS-expect_column_to_exist]" time="0.008"><skipped type="pytest.skip" message="no databricks credentials">/Users/nathanfarmer/great_expectations/tests/datasource/fluent/integration/test_sql_datasources.py:1002: no databricks credentials</skipped></testcase><testcase classname="tests.datasource.fluent.integration.test_sql_datasources.TestColumnExpectations" name="test_desired_state[databricks_sql-str QUOTED.W.DOTS-expect_column_values_to_not_be_null]" time="0.012"><skipped type="pytest.skip" message="no databricks credentials">/Users/nathanfarmer/great_expectations/tests/datasource/fluent/integration/test_sql_datasources.py:1002: no databricks credentials</skipped></testcase><testcase classname="tests.datasource.fluent.integration.test_sql_datasources.TestColumnExpectations" name="test_desired_state[databricks_sql-str QUOTED.W.DOTS-expect_column_values_to_match_regex]" time="0.011"><skipped type="pytest.skip" message="no databricks credentials">/Users/nathanfarmer/great_expectations/tests/datasource/fluent/integration/test_sql_datasources.py:1002: no databricks c
[...]
    )

.venv/gx_dev/lib/python3.11/site-packages/flaky/flaky_pytest_plugin.py:146:
_ _ _ _ _ _ _ _ _ _ _ _ _ _ _ _ _ _ _ _ _ _ _ _ _ _ _ _ _ _ _ _ _ _ _ _ _ _ _ _ _ _ _ _ _ _ _ _ _ _ _ _ _ _ _ _ _ _ _ _ _ _ _ _ _ _ _ _ _ _ _ _ _ _ _ _ _ _ _ _ _ _ _ _ _ _ _ _ _ _ _ _ _ _ _ _ _ _ _ _ _ _ _ _ _ _ _ _ _ _ _ _ _ _
tests/integration/conftest.py:166: in batch_for_datasource
    yield _batch_setup_for_datasource.make_batch()
tests/integration/test_utils/data_source_config/sql.py:83: in make_batch
    self.make_asset()
tests/integration/test_utils/data_source_config/databricks.py:76: in make_asset
    connection_string=self.connection_string,
tests/integration/test_utils/data_source_config/databricks.py:53: in connection_string
    return self._databrics_connection_config.connection_string(self.schema)
/opt/homebrew/Cellar/python@3.11/3.11.11/Frameworks/Python.framework/Versions/3.11/lib/python3.11/functools.py:1001: in __get__
    val = self.func(instance)
tests/integration/test_utils/data_source_config/databricks.py:70: in _databrics_connection_config
    return DatabricksConnectionConfig()  # type: ignore[call-arg]  # retrieves env vars
.venv/gx_dev/lib/python3.11/site-packages/pydantic/v1/env_settings.py:40: in __init__
    super().__init__(
_ _ _ _ _ _ _ _ _ _ _ _ _ _ _ _ _ _ _ _ _ _ _ _ _ _ _ _ _ _ _ _ _ _ _ _ _ _ _ _ _ _ _ _ _ _ _ _ _ _ _ _ _ _ _ _ _ _ _ _ _ _ _ _ _ _ _ _ _ _ _ _ _ _ _ _ _ _ _ _ _ _ _ _ _ _ _ _ _ _ _ _ _ _ _ _ _ _ _ _ _ _ _ _ _ _ _ _ _ _ _ _ _ _

__pydantic_self__ = DatabricksConnectionConfig(), data = {}, values = {}, fields_set = set()
validation_error = ValidationError(model='DatabricksConnectionConfig', errors=[{'loc': ('databricks_token',), 'msg': 'field required', 't...': 'value_error.missing'}, {'loc': ('databricks_http_path',), 'msg': 'field required', 'type': 'value_error.missing'}])

    def __init__(__pydantic_self__, **data: Any) -&gt; None:
        """
        Create a new model by parsing and validating input data from keyword arguments.

        Raises ValidationError if the input data cannot be parsed to form a valid model.
        """
        # Uses something other than `self` the first arg to allow "self" as a settable attribute
        values, fields_set, validation_error = validate_model(__pydantic_self__.__class__, data)
        if validation_error:
&gt;           raise validation_error
E           pydantic.v1.error_wrappers.ValidationError: 3 validation errors for DatabricksConnectionConfig
E           databricks_token
E             field required (type=value_error.missing)
E           databricks_host
E             field required (type=value_error.missing)
E           databricks_http_path
E             field required (type=value_error.missing)

.venv/gx_dev/lib/python3.11/site-packages/pydantic/v1/main.py:341: ValidationError</error></testcase><testcase classname="tests.integration.data_sources_and_expectations.test_misconfigured_expectations.TestNonExistentColumnMisconfiguration" name="test_pandas_and_sql[databricks]" time="0.003"><error message="failed on setup with &quot;pydantic.v1.error_wrappers.ValidationError: 3 validation errors for DatabricksConnectionConfig&#10;databricks_token&#10;  field required (type=value_error.missing)&#10;databricks_host&#10;  field required (type=value_error.missing)&#10;databricks_http_path&#10;  field required (type=value_error.missing)&quot;">&gt;       lambda: ihook(item=item, **kwds), when=when, reraise=reraise
    )

.venv/gx_dev/lib/python3.11/site-packages/flaky/flaky_pytest_plugin.py:146:
_ _ _ _ _ _ _ _ _ _ _ _ _ _ _ _ _ _ _ _ _ _ _ _ _ _ _ _ _ _ _ _ _ _ _ _ _ _ _ _ _ _ _ _ _ _ _ _ _ _ _ _ _ _ _ _ _ _ _ _ _ _ _ _ _ _ _ _ _ _ _ _ _ _ _ _ _ _ _ _ _ _ _ _ _ _ _ _ _ _ _ _ _ _ _ _ _ _ _ _ _ _ _ _ _ _ _ _ _ _ _ _ _ _
tests/integration/conftest.py:166: in batch_for_datasource
    yield _batch_setup_for_datasource.make_batch()
tests/integration/test_utils/data_source_config/sql.py:83: in make_batch
    self.make_asset()
tests/integration/test_utils/data_source_config/databricks.py:76: in make_asset
    connection_string=self.connection_string,
tests/integration/test_utils/data_source_config/databricks.py:53: in connection_string
    return self._databrics_connection_config.connection_string(self.schema)
/opt/homebrew/Cellar/python@3.11/3.11.11/Frameworks/Python.framework/Versions/3.11/lib/python3.11/functools.py:1001: in __get__
    val = self.func(instance)
tests/integration/test_utils/data_source_config/databricks.py:70: in _databrics_connection_config
    return DatabricksConnectionConfig()  # type: ignore[call-arg]  # retrieves env vars
.venv/gx_dev/lib/python3.11/site-packages/pydantic/v1/env_settings.py:40: in __init__
    super().__init__(
_ _ _ _ _ _ _ _ _ _ _ _ _ _ _ _ _ _ _ _ _ _ _ _ _ _ _ _ _ _ _ _ _ _ _ _ _ _ _ _ _ _ _ _ _ _ _ _ _ _ _ _ _ _ _ _ _ _ _ _ _ _ _ _ _ _ _ _ _ _ _ _ _ _ _ _ _ _ _ _ _ _ _ _ _ _ _ _ _ _ _ _ _ _ _ _ _ _ _ _ _ _ _ _ _ _ _ _ _ _ _ _ _ _

__pydantic_self__ = DatabricksConnectionConfig(), data = {}, values = {}, fields_set = set()
validation_error = ValidationError(model='DatabricksConnectionConfig', errors=[{'loc': ('databricks_token',), 'msg': 'field required', 't...': 'value_error.missing'}, {'loc': ('databricks_http_path',), 'msg': 'field required', 'type': 'value_error.missing'}])

    def __init__(__pydantic_self__, **data: Any) -&gt; None:
        """
        Create a new model by parsing and validating input data from keyword arguments.

        Raises ValidationError if the input data cannot be parsed to form a valid model.
        """
        # Uses something other than `self` the first arg to allow "self" as a settable attribute
        values, fields_set, validation_error = validate_model(__pydantic_self__.__class__, data)
        if validation_error:
&gt;           raise validation_error
E           pydantic.v1.error_wrappers.ValidationError: 3 validation errors for DatabricksConnectionConfig
E           databricks_token
E             field required (type=value_error.missing)
E           databricks_host
E             field required (type=value_error.missing)
E           databricks_http_path
E             field required (type=value_error.missing)

.venv/gx_dev/lib/python3.11/site-packages/pydantic/v1/main.py:341: ValidationError</error></testcase><testcase classname="tests.integration.data_sources_and_expectations.test_misconfigured_expectations" name="test_datetime_expectation_against_numeric_data_misconfiguration[databricks]" time="0.003"><error message="failed on setup with &quot;pydantic.v1.error_wrappers.ValidationError: 3 validation errors for DatabricksConnectionConfig&#10;databricks_token&#10;  field required (type=value_error.missing)&#10;databricks_host&#10;  field required (type=value_error.missing)&#10;databricks_http_path&#10;  field required (type=value_error.missing)&quot;">&gt;       lambda: ihook(item=item, **kwds), when=when, reraise=reraise
    )

.venv/gx_dev/lib/python3.11/site-packages/flaky/flaky_pytest_plugin.py:146:
_ _ _ _ _ _ _ _ _ _ _ _ _ _ _ _ _ _ _ _ _ _ _ _ _ _ _ _ _ _ _ _ _ _ _ _ _ _ _ _ _ _ _ _ _ _ _ _ _ _ _ _ _ _ _ _ _ _ _ _ _ _ _ _ _ _ _ _ _ _ _ _ _ _ _ _ _ _ _ _ _ _ _ _ _ _ _ _ _ _ _ _ _ _ _ _ _ _ _ _ _ _ _ _ _ _ _ _ _ _ _ _ _ _
tests/integration/conftest.py:166: in batch_for_datasource
    yield _batch_setup_for_datasource.make_batch()
tests/integration/test_utils/data_source_config/sql.py:83: in make_batch
    self.make_asset()
tests/integration/test_utils/data_source_config/databricks.py:76: in make_asset
    connection_string=self.connection_string,
tests/integration/test_utils/data_source_config/databricks.py:53: in connection_string
    return self._databrics_connection_config.connection_string(self.schema)
/opt/homebrew/Cellar/python@3.11/3.11.11/Frameworks/Python.framework/Versions/3.11/lib/python3.11/functools.py:1001: in __get__
    val = self.func(instance)
tests/integration/test_utils/data_source_config/databricks.py:70: in _databrics_connection_config
    return DatabricksConnectionConfig()  # type: ignore[call-arg]  # retrieves env vars
.venv/gx_dev/lib/python3.11/site-packages/pydantic/v1/env_settings.py:40: in __init__
    super().__init__(
_ _ _ _ _ _ _ _ _ _ _ _ _ _ _ _ _ _ _ _ _ _ _ _ _ _ _ _ _ _ _ _ _ _ _ _ _ _ _ _ _ _ _ _ _ _ _ _ _ _ _ _ _ _ _ _ _ _ _ _ _ _ _ _ _ _ _ _ _ _ _ _ _ _ _ _ _ _ _ _ _ _ _ _ _ _ _ _ _ _ _ _ _ _ _ _ _ _ _ _ _ _ _ _ _ _ _ _ _ _ _ _ _ _

__pydantic_self__ = DatabricksConnectionConfig(), data = {}, values = {}, fields_set = set()
validation_error = ValidationError(model='DatabricksConnectionConfig', errors=[{'loc': ('databricks_token',), 'msg': 'field required', 't...': 'value_error.missing'}, {'loc': ('databricks_http_path',), 'msg': 'field required', 'type': 'value_error.missing'}])

    def __init__(__pydantic_self__, **data: Any) -&gt; None:
        """
        Create a new model by parsing and validating input data from keyword arguments.

        Raises ValidationError if the input data cannot be parsed to form a valid model.
        """
        # Uses something other than `self` the first arg to allow "self" as a settable attribute
        values, fields_set, validation_error = validate_model(__pydantic_self__.__class__, data)
        if validation_error:
&gt;           raise validation_error
E           pydantic.v1.error_wrappers.ValidationError: 3 validation errors for DatabricksConnectionConfig
E           databricks_token
E             field required (type=value_error.missing)
E           databricks_host
E             field required (type=value_error.missing)
E           databricks_http_path
E             field required (type=value_error.missing)

.venv/gx_dev/lib/python3.11/site-packages/pydantic/v1/main.py:341: ValidationError</error></testcase><testcase classname="tests.integration.data_sources_and_expectations.test_misconfigured_expectations" name="test_column_min_max_mismatch_misconfiguration[databricks]" time="0.003"><error message="failed on setup with &quot;pydantic.v1.error_wrappers.ValidationError: 3 validation errors for DatabricksConnectionConfig&#10;databricks_token&#10;  field required (type=value_error.missing)&#10;databricks_host&#10;  field required (type=value_error.missing)&#10;databricks_http_path&#10;  field required (type=value_error.missing)&quot;">&gt;       lambda: ihook(item=item, **kwds), when=when, reraise=reraise
    )

.venv/gx_dev/lib/python3.11/site-packages/flaky/flaky_pytest_plugin.py:146:
_ _ _ _ _ _ _ _ _ _ _ _ _ _ _ _ _ _ _ _ _ _ _ _ _ _ _ _ _ _ _ _ _ _ _ _ _ _ _ _ _ _ _ _ _ _ _ _ _ _ _ _ _ _ _ _ _ _ _ _ _ _ _ _ _ _ _ _ _ _ _ _ _ _ _ _ _ _ _ _ _ _ _ _ _ _ _ _ _ _ _ _ _ _ _ _ _ _ _ _ _ _ _ _ _ _ _ _ _ _ _ _ _ _
tests/integration/conftest.py:166: in batch_for_datasource
    yield _batch_setup_for_datasource.make_batch()
tests/integration/test_utils/data_source_config/sql.py:83: in make_batch
    self.make_asset()
tests/integration/test_utils/data_source_config/databricks.py:76: in make_asset
    connection_string=self.connection_string,
tests/integration/test_utils/data_source_config/databricks.py:53: in connection_string
    return self._databrics_connection_config.connection_string(self.schema)
/opt/homebrew/Cellar/python@3.11/3.11.11/Frameworks/Python.framework/Versions/3.11/lib/python3.11/functools.py:1001: in __get__
    val = self.func(instance)
tests/integration/test_utils/data_source_config/databricks.py:70: in _databrics_connection_config
    return DatabricksConnectionConfig()  # type: ignore[call-arg]  # retrieves env vars
.venv/gx_dev/lib/python3.11/site-packages/pydantic/v1/env_settings.py:40: in __init__
    super().__init__(
_ _ _ _ _ _ _ _ _ _ _ _ _ _ _ _ _ _ _ _ _ _ _ _ _ _ _ _ _ _ _ _ _ _ _ _ _ _ _ _ _ _ _ _ _ _ _ _ _ _ _ _ _ _ _ _ _ _ _ _ _ _ _ _ _ _ _ _ _ _ _ _ _ _ _ _ _ _ _ _ _ _ _ _ _ _ _ _ _ _ _ _ _ _ _ _ _ _ _ _ _ _ _ _ _ _ _ _ _ _ _ _ _ _

__pydantic_self__ = DatabricksConnectionConfig(), data = {}, values = {}, fields_set = set()
validation_error = ValidationError(model='DatabricksConnectionConfig', errors=[{'loc': ('databricks_token',), 'msg': 'field required', 't...': 'value_error.missing'}, {'loc': ('databricks_http_path',), 'msg': 'field required', 'type': 'value_error.missing'}])

    def __init__(__pydantic_self__, **data: Any) -&gt; None:
        """
        Create a new model by parsing and validating input data from keyword arguments.

        Raises ValidationError if the input data cannot be parsed to form a valid model.
        """
        # Uses something other than `self` the first arg to allow "self" as a settable attribute
        values, fields_set, validation_error = validate_model(__pydantic_self__.__class__, data)
        if validation_error:
&gt;           raise validation_error
E           pydantic.v1.error_wrappers.ValidationError: 3 validation errors for DatabricksConnectionConfig
E           databricks_token
E             field required (type=value_error.missing)
E           databricks_host
E             field required (type=value_error.missing)
E           databricks_http_path
E             field required (type=value_error.missing)

.venv/gx_dev/lib/python3.11/site-packages/pydantic/v1/main.py:341: ValidationError</error></testcase><testcase classname="tests.integration.data_sources_and_expectations.test_misconfigured_expectations" name="test_column_min_max_missing_misconfiguration[databricks]" time="0.007"><error message="failed on setup with &quot;pydantic.v1.error_wrappers.ValidationError: 3 validation errors for DatabricksConnectionConfig&#10;databricks_token&#10;  field required (type=value_error.missing)&#10;databricks_host&#10;  field required (type=value_error.missing)&#10;databricks_http_path&#10;  field required (type=value_error.missing)&quot;">&gt;       lambda: ihook(item=item, **kwds), when=when, reraise=reraise
    )

.venv/gx_dev/lib/python3.11/site-packages/flaky/flaky_pytest_plugin.py:146:
_ _ _ _ _ _ _ _ _ _ _ _ _ _ _ _ _ _ _ _ _ _ _ _ _ _ _ _ _ _ _ _ _ _ _ _ _ _ _ _ _ _ _ _ _ _ _ _ _ _ _ _ _ _ _ _ _ _ _ _ _ _ _ _ _ _ _ _ _ _ _ _ _ _ _ _ _ _ _ _ _ _ _ _ _ _ _ _ _ _ _ _ _ _ _ _ _ _ _ _ _ _ _ _ _ _ _ _ _ _ _ _ _ _
tests/integration/conftest.py:166: in batch_for_datasource
    yield _batch_setup_for_datasource.make_batch()
tests/integration/test_utils/data_source_config/sql.py:83: in make_batch
    self.make_asset()
tests/integration/test_utils/data_source_config/databricks.py:76: in make_asset
    connection_string=self.connection_string,
tests/integration/test_utils/data_source_config/databricks.py:53: in connection_string
    return self._databrics_connection_config.connection_string(self.schema)
/opt/homebrew/Cellar/python@3.11/3.11.11/Frameworks/Python.framework/Versions/3.11/lib/python3.11/functools.py:1001: in __get__
    val = self.func(instance)
tests/integration/test_utils/data_source_config/databricks.py:70: in _databrics_connection_config
    return DatabricksConnectionConfig()  # type: ignore[call-arg]  # retrieves env vars
.venv/gx_dev/lib/python3.11/site-packages/pydantic/v1/env_settings.py:40: in __init__
    super().__init__(
_ _ _ _ _ _ _ _ _ _ _ _ _ _ _ _ _ _ _ _ _ _ _ _ _ _ _ _ _ _ _ _ _ _ _ _ _ _ _ _ _ _ _ _ _ _ _ _ _ _ _ _ _ _ _ _ _ _ _ _ _ _ _ _ _ _ _ _ _ _ _ _ _ _ _ _ _ _ _ _ _ _ _ _ _ _ _ _ _ _ _ _ _ _ _ _ _ _ _ _ _ _ _ _ _ _ _ _ _ _ _ _ _ _

__pydantic_self__ = DatabricksConnectionConfig(), data = {}, values = {}, fields_set = set()
validation_error = ValidationError(model='DatabricksConnectionConfig', errors=[{'loc': ('databricks_token',), 'msg': 'field required', 't...': 'value_error.missing'}, {'loc': ('databricks_http_path',), 'msg': 'field required', 'type': 'value_error.missing'}])

    def __init__(__pydantic_self__, **data: Any) -&gt; None:
        """
        Create a new model by parsing and validating input data from keyword arguments.

        Raises ValidationError if the input data cannot be parsed to form a valid model.
        """
        # Uses something other than `self` the first arg to allow "self" as a settable attribute
        values, fields_set, validation_error = validate_model(__pydantic_self__.__class__, data)
        if validation_error:
&gt;           raise validation_error
E           pydantic.v1.error_wrappers.ValidationError: 3 validation errors for DatabricksConnectionConfig
E           databricks_token
E             field required (type=value_error.missing)
E           databricks_host
E             field required (type=value_error.missing)
E           databricks_http_path
E             field required (type=value_error.missing)

.venv/gx_dev/lib/python3.11/site-packages/pydantic/v1/main.py:341: ValidationError</error><error message="failed on teardown with &quot;pydantic.v1.error_wrappers.ValidationError: 3 validation errors for DatabricksConnectionConfig&#10;databricks_token&#10;  field required (type=value_error.missing)&#10;databricks_host&#10;  field required (type=value_error.missing)&#10;databricks_http_path&#10;  field required (type=value_error.missing)&quot;">&gt;       lambda: ihook(item=item, **kwds), when=when, reraise=reraise
    )

.venv/gx_dev/lib/python3.11/site-packages/flaky/flaky_pytest_plugin.py:146:
_ _ _ _ _ _ _ _ _ _ _ _ _ _ _ _ _ _ _ _ _ _ _ _ _ _ _ _ _ _ _ _ _ _ _ _ _ _ _ _ _ _ _ _ _ _ _ _ _ _ _ _ _ _ _ _ _ _ _ _ _ _ _ _ _ _ _ _ _ _ _ _ _ _ _ _ _ _ _ _ _ _ _ _ _ _ _ _ _ _ _ _ _ _ _ _ _ _ _ _ _ _ _ _ _ _ _ _ _ _ _ _ _ _
tests/integration/conftest.py:131: in _cleanup
    batch_setup.teardown()
tests/integration/test_utils/data_source_config/sql.py:151: in teardown
    engine = create_engine(url=self.connection_string)
tests/integration/test_utils/data_source_config/databricks.py:53: in connection_string
    return self._databrics_connection_config.connection_string(self.schema)
/opt/homebrew/Cellar/python@3.11/3.11.11/Frameworks/Python.framework/Versions/3.11/lib/python3.11/functools.py:1001: in __get__
    val = self.func(instance)
tests/integration/test_utils/data_source_config/databricks.py:70: in _databrics_connection_config
    return DatabricksConnectionConfig()  # type: ignore[call-arg]  # retrieves env vars
.venv/gx_dev/lib/python3.11/site-packages/pydantic/v1/env_settings.py:40: in __init__
    super().__init__(
_ _ _ _ _ _ _ _ _ _ _ _ _ _ _ _ _ _ _ _ _ _ _ _ _ _ _ _ _ _ _ _ _ _ _ _ _ _ _ _ _ _ _ _ _ _ _ _ _ _ _ _ _ _ _ _ _ _ _ _ _ _ _ _ _ _ _ _ _ _ _ _ _ _ _ _ _ _ _ _ _ _ _ _ _ _ _ _ _ _ _ _ _ _ _ _ _ _ _ _ _ _ _ _ _ _ _ _ _ _ _ _ _ _

__pydantic_self__ = DatabricksConnectionConfig(), data = {}, values = {}, fields_set = set()
validation_error = ValidationError(model='DatabricksConnectionConfig', errors=[{'loc': ('databricks_token',), 'msg': 'field required', 't...': 'value_error.missing'}, {'loc': ('databricks_http_path',), 'msg': 'field required', 'type': 'value_error.missing'}])

    def __init__(__pydantic_self__, **data: Any) -&gt; None:
        """
        Create a new model by parsing and validating input data from keyword arguments.

        Raises ValidationError if the input data cannot be parsed to form a valid model.
        """
        # Uses something other than `self` the first arg to allow "self" as a settable attribute
        values, fields_set, validation_error = validate_model(__pydantic_self__.__class__, data)
        if validation_error:
&gt;           raise validation_error
E           pydantic.v1.error_wrappers.ValidationError: 3 validation errors for DatabricksConnectionConfig
E           databricks_token
E             field required (type=value_error.missing)
E           databricks_host
E             field required (type=value_error.missing)
E           databricks_http_path
E             field required (type=value_error.missing)

.venv/gx_dev/lib/python3.11/site-packages/pydantic/v1/main.py:341: ValidationError</error></testcase></testsuite></testsuites>
